[0.505s] DEBUG:colcon:Command line arguments: ['/usr/bin/colcon', 'build', '--packages-select', 'ultrasonic_sensor']
[0.505s] DEBUG:colcon:Parsed command line arguments: Namespace(log_base=None, log_level=None, verb_name='build', build_base='build', install_base='install', merge_install=False, symlink_install=False, test_result_base=None, continue_on_error=False, executor='parallel', parallel_workers=4, event_handlers=None, ignore_user_meta=False, metas=['./colcon.meta'], base_paths=['.'], packages_ignore=None, packages_ignore_regex=None, paths=None, packages_up_to=None, packages_up_to_regex=None, packages_above=None, packages_above_and_dependencies=None, packages_above_depth=None, packages_select_by_dep=None, packages_skip_by_dep=None, packages_skip_up_to=None, packages_select_build_failed=False, packages_skip_build_finished=False, packages_select_test_failures=False, packages_skip_test_passed=False, packages_select=['ultrasonic_sensor'], packages_skip=None, packages_select_regex=None, packages_skip_regex=None, packages_start=None, packages_end=None, allow_overriding=[], cmake_args=None, cmake_target=None, cmake_target_skip_unavailable=False, cmake_clean_cache=False, cmake_clean_first=False, cmake_force_configure=False, ament_cmake_args=None, catkin_cmake_args=None, catkin_skip_building_tests=False, verb_parser=<colcon_defaults.argument_parser.defaults.DefaultArgumentsDecorator object at 0xffffb1eebf70>, verb_extension=<colcon_core.verb.build.BuildVerb object at 0xffffb205cb80>, main=<bound method BuildVerb.main of <colcon_core.verb.build.BuildVerb object at 0xffffb205cb80>>)
[1.453s] Level 1:colcon.colcon_core.package_discovery:discover_packages(colcon_meta) check parameters
[1.454s] Level 1:colcon.colcon_core.package_discovery:discover_packages(recursive) check parameters
[1.454s] Level 1:colcon.colcon_core.package_discovery:discover_packages(ignore) check parameters
[1.454s] Level 1:colcon.colcon_core.package_discovery:discover_packages(path) check parameters
[1.454s] Level 1:colcon.colcon_core.package_discovery:discover_packages(colcon_meta) discover
[1.455s] Level 1:colcon.colcon_core.package_discovery:discover_packages(recursive) discover
[1.455s] INFO:colcon.colcon_core.package_discovery:Crawling recursively for packages in '/home/pi4ubuntumate/ssuluna/src/ros2_nodes/ultrasonic_sensor'
[1.455s] Level 1:colcon.colcon_core.package_identification:_identify(.) by extensions ['ignore', 'ignore_ament_install']
[1.456s] Level 1:colcon.colcon_core.package_identification:_identify(.) by extension 'ignore'
[1.456s] Level 1:colcon.colcon_core.package_identification:_identify(.) by extension 'ignore_ament_install'
[1.457s] Level 1:colcon.colcon_core.package_identification:_identify(.) by extensions ['colcon_pkg']
[1.457s] Level 1:colcon.colcon_core.package_identification:_identify(.) by extension 'colcon_pkg'
[1.457s] Level 1:colcon.colcon_core.package_identification:_identify(.) by extensions ['colcon_meta']
[1.457s] Level 1:colcon.colcon_core.package_identification:_identify(.) by extension 'colcon_meta'
[1.457s] Level 1:colcon.colcon_core.package_identification:_identify(.) by extensions ['ros']
[1.457s] Level 1:colcon.colcon_core.package_identification:_identify(.) by extension 'ros'
[1.520s] DEBUG:colcon.colcon_core.package_identification:Package '.' with type 'ros.ament_python' and name 'ultrasonic_sensor'
[1.520s] Level 1:colcon.colcon_core.package_discovery:discover_packages(recursive) using defaults
[1.521s] Level 1:colcon.colcon_core.package_discovery:discover_packages(ignore) discover
[1.521s] Level 1:colcon.colcon_core.package_discovery:discover_packages(ignore) using defaults
[1.521s] Level 1:colcon.colcon_core.package_discovery:discover_packages(path) discover
[1.521s] Level 1:colcon.colcon_core.package_discovery:discover_packages(path) using defaults
[1.608s] Level 1:colcon.colcon_core.package_discovery:discover_packages(prefix_path) check parameters
[1.609s] Level 1:colcon.colcon_core.package_discovery:discover_packages(prefix_path) discover
[1.618s] DEBUG:colcon.colcon_installed_package_information.package_discovery:Found 1 installed packages in /home/pi4ubuntumate/ssuluna/src/ros2_nodes/ultrasonic_sensor/install
[1.628s] DEBUG:colcon.colcon_installed_package_information.package_discovery:Found 270 installed packages in /opt/ros/humble
[1.678s] Level 1:colcon.colcon_core.package_discovery:discover_packages(prefix_path) using defaults
[1.871s] Level 5:colcon.colcon_core.verb:set package 'ultrasonic_sensor' build argument 'cmake_args' from command line to 'None'
[1.871s] Level 5:colcon.colcon_core.verb:set package 'ultrasonic_sensor' build argument 'cmake_target' from command line to 'None'
[1.871s] Level 5:colcon.colcon_core.verb:set package 'ultrasonic_sensor' build argument 'cmake_target_skip_unavailable' from command line to 'False'
[1.871s] Level 5:colcon.colcon_core.verb:set package 'ultrasonic_sensor' build argument 'cmake_clean_cache' from command line to 'False'
[1.871s] Level 5:colcon.colcon_core.verb:set package 'ultrasonic_sensor' build argument 'cmake_clean_first' from command line to 'False'
[1.872s] Level 5:colcon.colcon_core.verb:set package 'ultrasonic_sensor' build argument 'cmake_force_configure' from command line to 'False'
[1.872s] Level 5:colcon.colcon_core.verb:set package 'ultrasonic_sensor' build argument 'ament_cmake_args' from command line to 'None'
[1.872s] Level 5:colcon.colcon_core.verb:set package 'ultrasonic_sensor' build argument 'catkin_cmake_args' from command line to 'None'
[1.872s] Level 5:colcon.colcon_core.verb:set package 'ultrasonic_sensor' build argument 'catkin_skip_building_tests' from command line to 'False'
[1.872s] DEBUG:colcon.colcon_core.verb:Building package 'ultrasonic_sensor' with the following arguments: {'ament_cmake_args': None, 'build_base': '/home/pi4ubuntumate/ssuluna/src/ros2_nodes/ultrasonic_sensor/build/ultrasonic_sensor', 'catkin_cmake_args': None, 'catkin_skip_building_tests': False, 'cmake_args': None, 'cmake_clean_cache': False, 'cmake_clean_first': False, 'cmake_force_configure': False, 'cmake_target': None, 'cmake_target_skip_unavailable': False, 'install_base': '/home/pi4ubuntumate/ssuluna/src/ros2_nodes/ultrasonic_sensor/install/ultrasonic_sensor', 'merge_install': False, 'path': '/home/pi4ubuntumate/ssuluna/src/ros2_nodes/ultrasonic_sensor', 'symlink_install': False, 'test_result_base': None}
[1.873s] INFO:colcon.colcon_core.executor:Executing jobs using 'parallel' executor
[1.876s] DEBUG:colcon.colcon_parallel_executor.executor.parallel:run_until_complete
[1.877s] INFO:colcon.colcon_ros.task.ament_python.build:Building ROS package in '/home/pi4ubuntumate/ssuluna/src/ros2_nodes/ultrasonic_sensor' with build type 'ament_python'
[1.878s] Level 1:colcon.colcon_core.shell:create_environment_hook('ultrasonic_sensor', 'ament_prefix_path')
[1.888s] INFO:colcon.colcon_core.plugin_system:Skipping extension 'colcon_core.shell.bat': Not used on non-Windows systems
[1.890s] INFO:colcon.colcon_core.shell:Creating environment hook '/home/pi4ubuntumate/ssuluna/src/ros2_nodes/ultrasonic_sensor/install/ultrasonic_sensor/share/ultrasonic_sensor/hook/ament_prefix_path.ps1'
[1.893s] INFO:colcon.colcon_core.shell:Creating environment descriptor '/home/pi4ubuntumate/ssuluna/src/ros2_nodes/ultrasonic_sensor/install/ultrasonic_sensor/share/ultrasonic_sensor/hook/ament_prefix_path.dsv'
[1.896s] INFO:colcon.colcon_core.shell:Creating environment hook '/home/pi4ubuntumate/ssuluna/src/ros2_nodes/ultrasonic_sensor/install/ultrasonic_sensor/share/ultrasonic_sensor/hook/ament_prefix_path.sh'
[1.900s] INFO:colcon.colcon_core.shell:Skip shell extension 'powershell' for command environment: Not usable outside of PowerShell
[1.901s] DEBUG:colcon.colcon_core.shell:Skip shell extension 'dsv' for command environment
[3.291s] INFO:colcon.colcon_core.task.python.build:Building Python package in '/home/pi4ubuntumate/ssuluna/src/ros2_nodes/ultrasonic_sensor'
[3.292s] INFO:colcon.colcon_core.shell:Skip shell extension 'powershell' for command environment: Not usable outside of PowerShell
[3.292s] DEBUG:colcon.colcon_core.shell:Skip shell extension 'dsv' for command environment
[5.189s] DEBUG:colcon.colcon_core.event_handler.log_command:Invoking command in '/home/pi4ubuntumate/ssuluna/src/ros2_nodes/ultrasonic_sensor': PYTHONPATH=/home/pi4ubuntumate/ssuluna/src/ros2_nodes/ultrasonic_sensor/build/ultrasonic_sensor/prefix_override:/usr/lib/python3/dist-packages/colcon_core/task/python/colcon_distutils_commands:/home/pi4ubuntumate/ssuluna/src/ros2_nodes/ultrasonic_sensor/install/ultrasonic_sensor/lib/python3.10/site-packages:${PYTHONPATH} /usr/bin/python3 -W ignore:setup.py install is deprecated setup.py egg_info --egg-base build/ultrasonic_sensor build --build-base /home/pi4ubuntumate/ssuluna/src/ros2_nodes/ultrasonic_sensor/build/ultrasonic_sensor/build install --record /home/pi4ubuntumate/ssuluna/src/ros2_nodes/ultrasonic_sensor/build/ultrasonic_sensor/install.log --single-version-externally-managed install_data
[6.731s] DEBUG:colcon.colcon_core.event_handler.log_command:Invoked command in '/home/pi4ubuntumate/ssuluna/src/ros2_nodes/ultrasonic_sensor' returned '0': PYTHONPATH=/home/pi4ubuntumate/ssuluna/src/ros2_nodes/ultrasonic_sensor/build/ultrasonic_sensor/prefix_override:/usr/lib/python3/dist-packages/colcon_core/task/python/colcon_distutils_commands:/home/pi4ubuntumate/ssuluna/src/ros2_nodes/ultrasonic_sensor/install/ultrasonic_sensor/lib/python3.10/site-packages:${PYTHONPATH} /usr/bin/python3 -W ignore:setup.py install is deprecated setup.py egg_info --egg-base build/ultrasonic_sensor build --build-base /home/pi4ubuntumate/ssuluna/src/ros2_nodes/ultrasonic_sensor/build/ultrasonic_sensor/build install --record /home/pi4ubuntumate/ssuluna/src/ros2_nodes/ultrasonic_sensor/build/ultrasonic_sensor/install.log --single-version-externally-managed install_data
[6.743s] Level 1:colcon.colcon_core.environment:checking '/home/pi4ubuntumate/ssuluna/src/ros2_nodes/ultrasonic_sensor/install/ultrasonic_sensor' for CMake module files
[6.747s] Level 1:colcon.colcon_core.environment:checking '/home/pi4ubuntumate/ssuluna/src/ros2_nodes/ultrasonic_sensor/install/ultrasonic_sensor' for CMake config files
[6.752s] Level 1:colcon.colcon_core.environment:checking '/home/pi4ubuntumate/ssuluna/src/ros2_nodes/ultrasonic_sensor/install/ultrasonic_sensor/lib'
[6.753s] Level 1:colcon.colcon_core.environment:checking '/home/pi4ubuntumate/ssuluna/src/ros2_nodes/ultrasonic_sensor/install/ultrasonic_sensor/bin'
[6.753s] Level 1:colcon.colcon_core.environment:checking '/home/pi4ubuntumate/ssuluna/src/ros2_nodes/ultrasonic_sensor/install/ultrasonic_sensor/lib/pkgconfig/ultrasonic_sensor.pc'
[6.754s] Level 1:colcon.colcon_core.environment:checking '/home/pi4ubuntumate/ssuluna/src/ros2_nodes/ultrasonic_sensor/install/ultrasonic_sensor/lib/python3.10/site-packages'
[6.755s] Level 1:colcon.colcon_core.shell:create_environment_hook('ultrasonic_sensor', 'pythonpath')
[6.756s] INFO:colcon.colcon_core.shell:Creating environment hook '/home/pi4ubuntumate/ssuluna/src/ros2_nodes/ultrasonic_sensor/install/ultrasonic_sensor/share/ultrasonic_sensor/hook/pythonpath.ps1'
[6.758s] INFO:colcon.colcon_core.shell:Creating environment descriptor '/home/pi4ubuntumate/ssuluna/src/ros2_nodes/ultrasonic_sensor/install/ultrasonic_sensor/share/ultrasonic_sensor/hook/pythonpath.dsv'
[6.760s] INFO:colcon.colcon_core.shell:Creating environment hook '/home/pi4ubuntumate/ssuluna/src/ros2_nodes/ultrasonic_sensor/install/ultrasonic_sensor/share/ultrasonic_sensor/hook/pythonpath.sh'
[6.763s] Level 1:colcon.colcon_core.environment:checking '/home/pi4ubuntumate/ssuluna/src/ros2_nodes/ultrasonic_sensor/install/ultrasonic_sensor/bin'
[6.764s] Level 1:colcon.colcon_core.environment:create_environment_scripts_only(ultrasonic_sensor)
[6.765s] INFO:colcon.colcon_core.shell:Creating package script '/home/pi4ubuntumate/ssuluna/src/ros2_nodes/ultrasonic_sensor/install/ultrasonic_sensor/share/ultrasonic_sensor/package.ps1'
[6.769s] INFO:colcon.colcon_core.shell:Creating package descriptor '/home/pi4ubuntumate/ssuluna/src/ros2_nodes/ultrasonic_sensor/install/ultrasonic_sensor/share/ultrasonic_sensor/package.dsv'
[6.772s] INFO:colcon.colcon_core.shell:Creating package script '/home/pi4ubuntumate/ssuluna/src/ros2_nodes/ultrasonic_sensor/install/ultrasonic_sensor/share/ultrasonic_sensor/package.sh'
[6.776s] INFO:colcon.colcon_core.shell:Creating package script '/home/pi4ubuntumate/ssuluna/src/ros2_nodes/ultrasonic_sensor/install/ultrasonic_sensor/share/ultrasonic_sensor/package.bash'
[6.780s] INFO:colcon.colcon_core.shell:Creating package script '/home/pi4ubuntumate/ssuluna/src/ros2_nodes/ultrasonic_sensor/install/ultrasonic_sensor/share/ultrasonic_sensor/package.zsh'
[6.784s] Level 1:colcon.colcon_core.environment:create_file_with_runtime_dependencies(/home/pi4ubuntumate/ssuluna/src/ros2_nodes/ultrasonic_sensor/install/ultrasonic_sensor/share/colcon-core/packages/ultrasonic_sensor)
[6.786s] DEBUG:colcon.colcon_parallel_executor.executor.parallel:closing loop
[6.787s] DEBUG:colcon.colcon_parallel_executor.executor.parallel:loop closed
[6.787s] DEBUG:colcon.colcon_parallel_executor.executor.parallel:run_until_complete finished with '0'
[6.788s] DEBUG:colcon.colcon_core.event_reactor:joining thread
[6.811s] INFO:colcon.colcon_core.plugin_system:Skipping extension 'colcon_notification.desktop_notification.terminal_notifier': Not used on non-Darwin systems
[6.812s] INFO:colcon.colcon_core.plugin_system:Skipping extension 'colcon_notification.desktop_notification.win32': Not used on non-Windows systems
[6.812s] INFO:colcon.colcon_notification.desktop_notification:Sending desktop notification using 'notify2'
[6.863s] DEBUG:colcon.colcon_notification.desktop_notification.notify2:Failed to initialize notify2: org.freedesktop.DBus.Error.Spawn.ChildExited: Process org.freedesktop.Notifications exited with status 1
[6.864s] DEBUG:colcon.colcon_core.event_reactor:joined thread
[6.865s] INFO:colcon.colcon_core.shell:Creating prefix script '/home/pi4ubuntumate/ssuluna/src/ros2_nodes/ultrasonic_sensor/install/local_setup.ps1'
[6.870s] INFO:colcon.colcon_core.shell:Creating prefix util module '/home/pi4ubuntumate/ssuluna/src/ros2_nodes/ultrasonic_sensor/install/_local_setup_util_ps1.py'
[6.878s] INFO:colcon.colcon_core.shell:Creating prefix chain script '/home/pi4ubuntumate/ssuluna/src/ros2_nodes/ultrasonic_sensor/install/setup.ps1'
[6.886s] INFO:colcon.colcon_core.shell:Creating prefix script '/home/pi4ubuntumate/ssuluna/src/ros2_nodes/ultrasonic_sensor/install/local_setup.sh'
[6.889s] INFO:colcon.colcon_core.shell:Creating prefix util module '/home/pi4ubuntumate/ssuluna/src/ros2_nodes/ultrasonic_sensor/install/_local_setup_util_sh.py'
[6.892s] INFO:colcon.colcon_core.shell:Creating prefix chain script '/home/pi4ubuntumate/ssuluna/src/ros2_nodes/ultrasonic_sensor/install/setup.sh'
[6.898s] INFO:colcon.colcon_core.shell:Creating prefix script '/home/pi4ubuntumate/ssuluna/src/ros2_nodes/ultrasonic_sensor/install/local_setup.bash'
[6.900s] INFO:colcon.colcon_core.shell:Creating prefix chain script '/home/pi4ubuntumate/ssuluna/src/ros2_nodes/ultrasonic_sensor/install/setup.bash'
[6.905s] INFO:colcon.colcon_core.shell:Creating prefix script '/home/pi4ubuntumate/ssuluna/src/ros2_nodes/ultrasonic_sensor/install/local_setup.zsh'
[6.908s] INFO:colcon.colcon_core.shell:Creating prefix chain script '/home/pi4ubuntumate/ssuluna/src/ros2_nodes/ultrasonic_sensor/install/setup.zsh'
