running egg_info
creating build/ultrasonic_sensor/ultrasonic_sensor.egg-info
writing build/ultrasonic_sensor/ultrasonic_sensor.egg-info/PKG-INFO
writing dependency_links to build/ultrasonic_sensor/ultrasonic_sensor.egg-info/dependency_links.txt
writing entry points to build/ultrasonic_sensor/ultrasonic_sensor.egg-info/entry_points.txt
writing requirements to build/ultrasonic_sensor/ultrasonic_sensor.egg-info/requires.txt
writing top-level names to build/ultrasonic_sensor/ultrasonic_sensor.egg-info/top_level.txt
writing manifest file 'build/ultrasonic_sensor/ultrasonic_sensor.egg-info/SOURCES.txt'
reading manifest file 'build/ultrasonic_sensor/ultrasonic_sensor.egg-info/SOURCES.txt'
writing manifest file 'build/ultrasonic_sensor/ultrasonic_sensor.egg-info/SOURCES.txt'
running build
running build_py
creating /home/pi4ubuntumate/ssuluna/src/ros2_nodes/ultrasonic_sensor/build/ultrasonic_sensor/build
creating /home/pi4ubuntumate/ssuluna/src/ros2_nodes/ultrasonic_sensor/build/ultrasonic_sensor/build/lib
creating /home/pi4ubuntumate/ssuluna/src/ros2_nodes/ultrasonic_sensor/build/ultrasonic_sensor/build/lib/ultrasonic_sensor
copying ultrasonic_sensor/__init__.py -> /home/pi4ubuntumate/ssuluna/src/ros2_nodes/ultrasonic_sensor/build/ultrasonic_sensor/build/lib/ultrasonic_sensor
running install
running install_lib
creating /home/pi4ubuntumate/ssuluna/src/ros2_nodes/ultrasonic_sensor/install/ultrasonic_sensor/lib/python3.10/site-packages/ultrasonic_sensor
copying /home/pi4ubuntumate/ssuluna/src/ros2_nodes/ultrasonic_sensor/build/ultrasonic_sensor/build/lib/ultrasonic_sensor/__init__.py -> /home/pi4ubuntumate/ssuluna/src/ros2_nodes/ultrasonic_sensor/install/ultrasonic_sensor/lib/python3.10/site-packages/ultrasonic_sensor
byte-compiling /home/pi4ubuntumate/ssuluna/src/ros2_nodes/ultrasonic_sensor/install/ultrasonic_sensor/lib/python3.10/site-packages/ultrasonic_sensor/__init__.py to __init__.cpython-310.pyc
running install_data
creating /home/pi4ubuntumate/ssuluna/src/ros2_nodes/ultrasonic_sensor/install/ultrasonic_sensor/share/ament_index
creating /home/pi4ubuntumate/ssuluna/src/ros2_nodes/ultrasonic_sensor/install/ultrasonic_sensor/share/ament_index/resource_index
creating /home/pi4ubuntumate/ssuluna/src/ros2_nodes/ultrasonic_sensor/install/ultrasonic_sensor/share/ament_index/resource_index/packages
copying resource/ultrasonic_sensor -> /home/pi4ubuntumate/ssuluna/src/ros2_nodes/ultrasonic_sensor/install/ultrasonic_sensor/share/ament_index/resource_index/packages
copying package.xml -> /home/pi4ubuntumate/ssuluna/src/ros2_nodes/ultrasonic_sensor/install/ultrasonic_sensor/share/ultrasonic_sensor
running install_egg_info
Copying build/ultrasonic_sensor/ultrasonic_sensor.egg-info to /home/pi4ubuntumate/ssuluna/src/ros2_nodes/ultrasonic_sensor/install/ultrasonic_sensor/lib/python3.10/site-packages/ultrasonic_sensor-0.0.0-py3.10.egg-info
running install_scripts
Installing arduino_publisher script to /home/pi4ubuntumate/ssuluna/src/ros2_nodes/ultrasonic_sensor/install/ultrasonic_sensor/lib/ultrasonic_sensor
writing list of installed files to '/home/pi4ubuntumate/ssuluna/src/ros2_nodes/ultrasonic_sensor/build/ultrasonic_sensor/install.log'
