[3.310s] Invoking command in '/home/pi4ubuntumate/ssuluna/src/ros2_nodes/ultrasonic_sensor': PYTHONPATH=/home/pi4ubuntumate/ssuluna/src/ros2_nodes/ultrasonic_sensor/build/ultrasonic_sensor/prefix_override:/usr/lib/python3/dist-packages/colcon_core/task/python/colcon_distutils_commands:/home/pi4ubuntumate/ssuluna/src/ros2_nodes/ultrasonic_sensor/install/ultrasonic_sensor/lib/python3.10/site-packages:${PYTHONPATH} /usr/bin/python3 -W ignore:setup.py install is deprecated setup.py egg_info --egg-base build/ultrasonic_sensor build --build-base /home/pi4ubuntumate/ssuluna/src/ros2_nodes/ultrasonic_sensor/build/ultrasonic_sensor/build install --record /home/pi4ubuntumate/ssuluna/src/ros2_nodes/ultrasonic_sensor/build/ultrasonic_sensor/install.log --single-version-externally-managed install_data
[4.582s] running egg_info
[4.585s] writing build/ultrasonic_sensor/ultrasonic_sensor.egg-info/PKG-INFO
[4.586s] writing dependency_links to build/ultrasonic_sensor/ultrasonic_sensor.egg-info/dependency_links.txt
[4.588s] writing entry points to build/ultrasonic_sensor/ultrasonic_sensor.egg-info/entry_points.txt
[4.588s] writing requirements to build/ultrasonic_sensor/ultrasonic_sensor.egg-info/requires.txt
[4.589s] writing top-level names to build/ultrasonic_sensor/ultrasonic_sensor.egg-info/top_level.txt
[4.598s] reading manifest file 'build/ultrasonic_sensor/ultrasonic_sensor.egg-info/SOURCES.txt'
[4.603s] writing manifest file 'build/ultrasonic_sensor/ultrasonic_sensor.egg-info/SOURCES.txt'
[4.604s] running build
[4.604s] running build_py
[4.605s] copying ultrasonic_sensor/arduino_publisher.py -> /home/pi4ubuntumate/ssuluna/src/ros2_nodes/ultrasonic_sensor/build/ultrasonic_sensor/build/lib/ultrasonic_sensor
[4.606s] running install
[4.608s] running install_lib
[4.612s] copying /home/pi4ubuntumate/ssuluna/src/ros2_nodes/ultrasonic_sensor/build/ultrasonic_sensor/build/lib/ultrasonic_sensor/arduino_publisher.py -> /home/pi4ubuntumate/ssuluna/src/ros2_nodes/ultrasonic_sensor/install/ultrasonic_sensor/lib/python3.10/site-packages/ultrasonic_sensor
[4.616s] byte-compiling /home/pi4ubuntumate/ssuluna/src/ros2_nodes/ultrasonic_sensor/install/ultrasonic_sensor/lib/python3.10/site-packages/ultrasonic_sensor/arduino_publisher.py to arduino_publisher.cpython-310.pyc
[4.618s] running install_data
[4.619s] running install_egg_info
[4.627s] removing '/home/pi4ubuntumate/ssuluna/src/ros2_nodes/ultrasonic_sensor/install/ultrasonic_sensor/lib/python3.10/site-packages/ultrasonic_sensor-0.0.0-py3.10.egg-info' (and everything under it)
[4.629s] Copying build/ultrasonic_sensor/ultrasonic_sensor.egg-info to /home/pi4ubuntumate/ssuluna/src/ros2_nodes/ultrasonic_sensor/install/ultrasonic_sensor/lib/python3.10/site-packages/ultrasonic_sensor-0.0.0-py3.10.egg-info
[4.636s] running install_scripts
[4.727s] Installing arduino_publisher script to /home/pi4ubuntumate/ssuluna/src/ros2_nodes/ultrasonic_sensor/install/ultrasonic_sensor/lib/ultrasonic_sensor
[4.728s] writing list of installed files to '/home/pi4ubuntumate/ssuluna/src/ros2_nodes/ultrasonic_sensor/build/ultrasonic_sensor/install.log'
[4.851s] Invoked command in '/home/pi4ubuntumate/ssuluna/src/ros2_nodes/ultrasonic_sensor' returned '0': PYTHONPATH=/home/pi4ubuntumate/ssuluna/src/ros2_nodes/ultrasonic_sensor/build/ultrasonic_sensor/prefix_override:/usr/lib/python3/dist-packages/colcon_core/task/python/colcon_distutils_commands:/home/pi4ubuntumate/ssuluna/src/ros2_nodes/ultrasonic_sensor/install/ultrasonic_sensor/lib/python3.10/site-packages:${PYTHONPATH} /usr/bin/python3 -W ignore:setup.py install is deprecated setup.py egg_info --egg-base build/ultrasonic_sensor build --build-base /home/pi4ubuntumate/ssuluna/src/ros2_nodes/ultrasonic_sensor/build/ultrasonic_sensor/build install --record /home/pi4ubuntumate/ssuluna/src/ros2_nodes/ultrasonic_sensor/build/ultrasonic_sensor/install.log --single-version-externally-managed install_data
